<?xml version="1.0" encoding="UTF-8"?>
<testng-results ignored="0" total="1" passed="0" failed="1" skipped="0">
  <reporter-output>
  </reporter-output>
  <suite started-at="2021-08-11T14:04:52 IST" name="Default suite" finished-at="2021-08-11T14:04:56 IST" duration-ms="4093">
    <groups>
    </groups>
    <test started-at="2021-08-11T14:04:52 IST" name="Default test" finished-at="2021-08-11T14:04:56 IST" duration-ms="4093">
      <class name="Com.Locators.Testcase">
        <test-method signature="verifyLogin()[pri:0, instance:Com.Locators.Testcase@6497b078]" started-at="2021-08-11T14:04:52 IST" name="verifyLogin" finished-at="2021-08-11T14:04:56 IST" duration-ms="4024" status="FAIL">
          <exception class="org.openqa.selenium.SessionNotCreatedException">
            <message>
              <![CDATA[session not created: This version of ChromeDriver only supports Chrome version 89
Current browser version is 92.0.4515.131 with binary path C:\Program Files\Google\Chrome\Application\chrome.exe
Build info: version: '3.141.59', revision: 'e82be7d358', time: '2018-11-14T08:17:03'
System info: host: 'LAPTOP-6I55QF40', ip: '192.168.0.12', os.name: 'Windows 10', os.arch: 'amd64', os.version: '10.0', java.version: '15.0.2'
Driver info: driver.version: ChromeDriver
remote stacktrace: Backtrace:
Ordinal0 [0x0010E7D3+124883]
Ordinal0 [0x0010E7B1+124849]
GetHandleVerifier [0x00358688+193832]
GetHandleVerifier [0x00373AC5+305509]
GetHandleVerifier [0x0037021B+291003]
GetHandleVerifier [0x0036E0AC+282444]
GetHandleVerifier [0x00394A90+440624]
GetHandleVerifier [0x003947FC+439964]
GetHandleVerifier [0x0039154B+426987]
GetHandleVerifier [0x00374FFD+310941]
GetHandleVerifier [0x00375D8E+314414]
GetHandleVerifier [0x00375D19+314297]
GetHandleVerifier [0x004331EC+1089676]
GetHandleVerifier [0x004317C9+1082985]
GetHandleVerifier [0x004313A3+1081923]
GetHandleVerifier [0x0052D9FD+2115741]
Ordinal0 [0x0025B82E+1488942]
Ordinal0 [0x001F5A7D+1071741]
Ordinal0 [0x001F559B+1070491]
Ordinal0 [0x001F54B1+1070257]
Ordinal0 [0x0022FF53+1310547]
BaseThreadInitThunk [0x7608FA29+25]
RtlGetAppContainerNamedObjectPath [0x77827A7E+286]
RtlGetAppContainerNamedObjectPath [0x77827A4E+238]
(No symbol) [0x00000000]
]]>
            </message>
            <full-stacktrace>
              <![CDATA[org.openqa.selenium.SessionNotCreatedException: session not created: This version of ChromeDriver only supports Chrome version 89
Current browser version is 92.0.4515.131 with binary path C:\Program Files\Google\Chrome\Application\chrome.exe
Build info: version: '3.141.59', revision: 'e82be7d358', time: '2018-11-14T08:17:03'
System info: host: 'LAPTOP-6I55QF40', ip: '192.168.0.12', os.name: 'Windows 10', os.arch: 'amd64', os.version: '10.0', java.version: '15.0.2'
Driver info: driver.version: ChromeDriver
remote stacktrace: Backtrace:
Ordinal0 [0x0010E7D3+124883]
Ordinal0 [0x0010E7B1+124849]
GetHandleVerifier [0x00358688+193832]
GetHandleVerifier [0x00373AC5+305509]
GetHandleVerifier [0x0037021B+291003]
GetHandleVerifier [0x0036E0AC+282444]
GetHandleVerifier [0x00394A90+440624]
GetHandleVerifier [0x003947FC+439964]
GetHandleVerifier [0x0039154B+426987]
GetHandleVerifier [0x00374FFD+310941]
GetHandleVerifier [0x00375D8E+314414]
GetHandleVerifier [0x00375D19+314297]
GetHandleVerifier [0x004331EC+1089676]
GetHandleVerifier [0x004317C9+1082985]
GetHandleVerifier [0x004313A3+1081923]
GetHandleVerifier [0x0052D9FD+2115741]
Ordinal0 [0x0025B82E+1488942]
Ordinal0 [0x001F5A7D+1071741]
Ordinal0 [0x001F559B+1070491]
Ordinal0 [0x001F54B1+1070257]
Ordinal0 [0x0022FF53+1310547]
BaseThreadInitThunk [0x7608FA29+25]
RtlGetAppContainerNamedObjectPath [0x77827A7E+286]
RtlGetAppContainerNamedObjectPath [0x77827A4E+238]
(No symbol) [0x00000000]

at java.base/jdk.internal.reflect.NativeConstructorAccessorImpl.newInstance0(Native Method)
at java.base/jdk.internal.reflect.NativeConstructorAccessorImpl.newInstance(NativeConstructorAccessorImpl.java:64)
at java.base/jdk.internal.reflect.DelegatingConstructorAccessorImpl.newInstance(DelegatingConstructorAccessorImpl.java:45)
at java.base/java.lang.reflect.Constructor.newInstanceWithCaller(Constructor.java:500)
at java.base/java.lang.reflect.Constructor.newInstance(Constructor.java:481)
at org.openqa.selenium.remote.W3CHandshakeResponse.lambda$errorHandler$0(W3CHandshakeResponse.java:62)
at org.openqa.selenium.remote.HandshakeResponse.lambda$getResponseFunction$0(HandshakeResponse.java:30)
at org.openqa.selenium.remote.ProtocolHandshake.lambda$createSession$0(ProtocolHandshake.java:126)
at java.base/java.util.stream.ReferencePipeline$3$1.accept(ReferencePipeline.java:195)
at java.base/java.util.Spliterators$ArraySpliterator.tryAdvance(Spliterators.java:958)
at java.base/java.util.stream.ReferencePipeline.forEachWithCancel(ReferencePipeline.java:127)
at java.base/java.util.stream.AbstractPipeline.copyIntoWithCancel(AbstractPipeline.java:502)
at java.base/java.util.stream.AbstractPipeline.copyInto(AbstractPipeline.java:488)
at java.base/java.util.stream.AbstractPipeline.wrapAndCopyInto(AbstractPipeline.java:474)
at java.base/java.util.stream.FindOps$FindOp.evaluateSequential(FindOps.java:150)
at java.base/java.util.stream.AbstractPipeline.evaluate(AbstractPipeline.java:234)
at java.base/java.util.stream.ReferencePipeline.findFirst(ReferencePipeline.java:543)
at org.openqa.selenium.remote.ProtocolHandshake.createSession(ProtocolHandshake.java:128)
at org.openqa.selenium.remote.ProtocolHandshake.createSession(ProtocolHandshake.java:74)
at org.openqa.selenium.remote.HttpCommandExecutor.execute(HttpCommandExecutor.java:136)
at org.openqa.selenium.remote.service.DriverCommandExecutor.execute(DriverCommandExecutor.java:83)
at org.openqa.selenium.remote.RemoteWebDriver.execute(RemoteWebDriver.java:552)
at org.openqa.selenium.remote.RemoteWebDriver.startSession(RemoteWebDriver.java:213)
at org.openqa.selenium.remote.RemoteWebDriver.<init>(RemoteWebDriver.java:131)
at org.openqa.selenium.chrome.ChromeDriver.<init>(ChromeDriver.java:181)
at org.openqa.selenium.chrome.ChromeDriver.<init>(ChromeDriver.java:168)
at org.openqa.selenium.chrome.ChromeDriver.<init>(ChromeDriver.java:123)
at Com.Locators.Testcase.verifyLogin(Testcase.java:20)
at java.base/jdk.internal.reflect.NativeMethodAccessorImpl.invoke0(Native Method)
at java.base/jdk.internal.reflect.NativeMethodAccessorImpl.invoke(NativeMethodAccessorImpl.java:64)
at java.base/jdk.internal.reflect.DelegatingMethodAccessorImpl.invoke(DelegatingMethodAccessorImpl.java:43)
at java.base/java.lang.reflect.Method.invoke(Method.java:564)
at org.testng.internal.MethodInvocationHelper.invokeMethod(MethodInvocationHelper.java:132)
at org.testng.internal.TestInvoker.invokeMethod(TestInvoker.java:599)
at org.testng.internal.TestInvoker.invokeTestMethod(TestInvoker.java:174)
at org.testng.internal.MethodRunner.runInSequence(MethodRunner.java:46)
at org.testng.internal.TestInvoker$MethodInvocationAgent.invoke(TestInvoker.java:822)
at org.testng.internal.TestInvoker.invokeTestMethods(TestInvoker.java:147)
at org.testng.internal.TestMethodWorker.invokeTestMethods(TestMethodWorker.java:146)
at org.testng.internal.TestMethodWorker.run(TestMethodWorker.java:128)
at java.base/java.util.ArrayList.forEach(ArrayList.java:1511)
at org.testng.TestRunner.privateRun(TestRunner.java:764)
at org.testng.TestRunner.run(TestRunner.java:585)
at org.testng.SuiteRunner.runTest(SuiteRunner.java:384)
at org.testng.SuiteRunner.runSequentially(SuiteRunner.java:378)
at org.testng.SuiteRunner.privateRun(SuiteRunner.java:337)
at org.testng.SuiteRunner.run(SuiteRunner.java:286)
at org.testng.SuiteRunnerWorker.runSuite(SuiteRunnerWorker.java:53)
at org.testng.SuiteRunnerWorker.run(SuiteRunnerWorker.java:96)
at org.testng.TestNG.runSuitesSequentially(TestNG.java:1218)
at org.testng.TestNG.runSuitesLocally(TestNG.java:1140)
at org.testng.TestNG.runSuites(TestNG.java:1069)
at org.testng.TestNG.run(TestNG.java:1037)
at org.testng.remote.AbstractRemoteTestNG.run(AbstractRemoteTestNG.java:115)
at org.testng.remote.RemoteTestNG.initAndRun(RemoteTestNG.java:251)
at org.testng.remote.RemoteTestNG.main(RemoteTestNG.java:77)
]]>
            </full-stacktrace>
          </exception> <!-- org.openqa.selenium.SessionNotCreatedException -->
          <reporter-output>
          </reporter-output>
        </test-method> <!-- verifyLogin -->
      </class> <!-- Com.Locators.Testcase -->
    </test> <!-- Default test -->
  </suite> <!-- Default suite -->
</testng-results>
